<?xml version="1.0"?>
<?mso-application progid="Excel.Sheet"?>
<Workbook xmlns="urn:schemas-microsoft-com:office:spreadsheet"
 xmlns:o="urn:schemas-microsoft-com:office:office"
 xmlns:x="urn:schemas-microsoft-com:office:excel"
 xmlns:dt="uuid:C2F41010-65B3-11d1-A29F-00AA00C14882"
 xmlns:ss="urn:schemas-microsoft-com:office:spreadsheet"
 xmlns:html="http://www.w3.org/TR/REC-html40">
 <DocumentProperties xmlns="urn:schemas-microsoft-com:office:office">
  <Author>Ofenloch, Oliver</Author>
  <LastAuthor>Ofenloch, Oliver</LastAuthor>
  <Created>2015-06-05T18:19:34Z</Created>
  <LastSaved>2022-08-25T05:59:47Z</LastSaved>
  <Version>16.00</Version>
 </DocumentProperties>
 <CustomDocumentProperties xmlns="urn:schemas-microsoft-com:office:office">
  <MSIP_Label_c8bab56c-cb8e-4113-8624-e46783b0d95b_Enabled dt:dt="string">true</MSIP_Label_c8bab56c-cb8e-4113-8624-e46783b0d95b_Enabled>
  <MSIP_Label_c8bab56c-cb8e-4113-8624-e46783b0d95b_SetDate dt:dt="string">2022-08-25T05:59:47Z</MSIP_Label_c8bab56c-cb8e-4113-8624-e46783b0d95b_SetDate>
  <MSIP_Label_c8bab56c-cb8e-4113-8624-e46783b0d95b_Method dt:dt="string">Privileged</MSIP_Label_c8bab56c-cb8e-4113-8624-e46783b0d95b_Method>
  <MSIP_Label_c8bab56c-cb8e-4113-8624-e46783b0d95b_Name dt:dt="string">Without Visual Marking_0</MSIP_Label_c8bab56c-cb8e-4113-8624-e46783b0d95b_Name>
  <MSIP_Label_c8bab56c-cb8e-4113-8624-e46783b0d95b_SiteId dt:dt="string">0e17f90f-88a3-4f93-a5d7-cc847cff307e</MSIP_Label_c8bab56c-cb8e-4113-8624-e46783b0d95b_SiteId>
  <MSIP_Label_c8bab56c-cb8e-4113-8624-e46783b0d95b_ActionId dt:dt="string">b85ae0dd-49f4-4ec7-bc79-684ec5c7eb60</MSIP_Label_c8bab56c-cb8e-4113-8624-e46783b0d95b_ActionId>
  <MSIP_Label_c8bab56c-cb8e-4113-8624-e46783b0d95b_ContentBits dt:dt="string">0</MSIP_Label_c8bab56c-cb8e-4113-8624-e46783b0d95b_ContentBits>
 </CustomDocumentProperties>
 <OfficeDocumentSettings xmlns="urn:schemas-microsoft-com:office:office">
  <AllowPNG/>
 </OfficeDocumentSettings>
 <ExcelWorkbook xmlns="urn:schemas-microsoft-com:office:excel">
  <WindowHeight>11385</WindowHeight>
  <WindowWidth>21600</WindowWidth>
  <WindowTopX>3135</WindowTopX>
  <WindowTopY>1290</WindowTopY>
  <Iteration/>
  <ProtectStructure>False</ProtectStructure>
  <ProtectWindows>False</ProtectWindows>
 </ExcelWorkbook>
 <Styles>
  <Style ss:ID="Default" ss:Name="Normal">
   <Alignment ss:Vertical="Bottom"/>
   <Borders/>
   <Font ss:FontName="Calibri" x:Family="Swiss" ss:Size="11" ss:Color="#000000"/>
   <Interior/>
   <NumberFormat/>
   <Protection/>
  </Style>
 </Styles>
 <Worksheet ss:Name="Tabelle1">
  <Table ss:ExpandedColumnCount="5" ss:ExpandedRowCount="5" x:FullColumns="1"
   x:FullRows="1" ss:DefaultRowHeight="15">
   <Column ss:Index="5" ss:Width="63"/>
   <Row>
    <Cell><Data ss:Type="String">Value 1</Data></Cell>
    <Cell><Data ss:Type="String">Value 2</Data></Cell>
    <Cell><Data ss:Type="String">Product</Data></Cell>
    <Cell ss:Index="5"><Data ss:Type="String">Iteration</Data></Cell>
   </Row>
   <Row ss:Index="3">
    <Cell><Data ss:Type="Number">1.2344999999999999</Data></Cell>
    <Cell><Data ss:Type="Number">2.3456000000000001</Data></Cell>
    <Cell ss:Formula="=RC[-2]*RC[-1]"><Data ss:Type="Number">2.8956431999999999</Data></Cell>
    <Cell ss:Formula="=IF(RC[1]=0, 0.001, RC[1])"><Data ss:Type="Number">3.1492870647592785E+230</Data></Cell>
    <Cell ss:Formula="=(0.8+RC[-1])*RC[-2]"><Data ss:Type="Number">9.1192116739181637E+230</Data></Cell>
   </Row>
   <Row>
    <Cell ss:Formula="=IF(R[-2]C&gt;1.1, 1.1, 2.2*R[-1]C[1])"><Data
      ss:Type="Number">5.1603200000000005</Data></Cell>
   </Row>
   <Row>
    <Cell ss:Index="4" ss:Formula="=IF(RC[1]=0, 0.1, RC[1])"><Data ss:Type="Number">2.1999999999999997</Data></Cell>
    <Cell ss:Formula="=2.3-RC[-1]"><Data ss:Type="Number">0.10000000000000009</Data></Cell>
   </Row>
  </Table>
  <WorksheetOptions xmlns="urn:schemas-microsoft-com:office:excel">
   <PageSetup>
    <Header x:Margin="0.3"/>
    <Footer x:Margin="0.3"/>
    <PageMargins x:Bottom="0.75" x:Left="0.7" x:Right="0.7" x:Top="0.75"/>
   </PageSetup>
   <Print>
    <ValidPrinterInfo/>
    <PaperSizeIndex>9</PaperSizeIndex>
    <HorizontalResolution>600</HorizontalResolution>
    <VerticalResolution>600</VerticalResolution>
   </Print>
   <Selected/>
   <Panes>
    <Pane>
     <Number>3</Number>
     <ActiveRow>5</ActiveRow>
    </Pane>
   </Panes>
   <ProtectObjects>False</ProtectObjects>
   <ProtectScenarios>False</ProtectScenarios>
  </WorksheetOptions>
 </Worksheet>
</Workbook>
